f:\projects\browser\bho\hiscrawler\helloworld\helloworld\debug\helloworld.pch
f:\projects\browser\bho\hiscrawler\helloworld\helloworld\debug\vc120.pdb
f:\projects\browser\bho\hiscrawler\helloworld\helloworld\debug\vc120.idb
f:\projects\browser\bho\hiscrawler\helloworld\helloworld\debug\stdafx.obj
f:\projects\browser\bho\hiscrawler\helloworld\helloworld\debug\dllmain.obj
f:\projects\browser\bho\hiscrawler\helloworld\helloworld\debug\helloworld.obj
f:\projects\browser\bho\hiscrawler\helloworld\helloworld\debug\helloworldbho.obj
f:\projects\browser\bho\hiscrawler\helloworld\helloworld\debug\helloworld_i.obj
f:\projects\browser\bho\hiscrawler\helloworld\debug\helloworld.lib
f:\projects\browser\bho\hiscrawler\helloworld\debug\helloworld.exp
f:\projects\browser\bho\hiscrawler\helloworld\debug\helloworld.ilk
f:\projects\browser\bho\hiscrawler\helloworld\debug\helloworld.dll
f:\projects\browser\bho\hiscrawler\helloworld\debug\helloworld.pdb
f:\projects\browser\bho\hiscrawler\helloworld\helloworld\debug\helloworld.tlb
f:\projects\browser\bho\hiscrawler\helloworld\helloworld\helloworld_p.c
f:\projects\browser\bho\hiscrawler\helloworld\helloworld\helloworld_i.c
f:\projects\browser\bho\hiscrawler\helloworld\helloworld\helloworld_i.h
f:\projects\browser\bho\hiscrawler\helloworld\helloworld\debug\helloworld.res
f:\projects\browser\bho\hiscrawler\helloworld\helloworld\debug\helloworld.tlog\cl.command.1.tlog
f:\projects\browser\bho\hiscrawler\helloworld\helloworld\debug\helloworld.tlog\cl.read.1.tlog
f:\projects\browser\bho\hiscrawler\helloworld\helloworld\debug\helloworld.tlog\cl.write.1.tlog
f:\projects\browser\bho\hiscrawler\helloworld\helloworld\debug\helloworld.tlog\helloworld.write.1u.tlog
f:\projects\browser\bho\hiscrawler\helloworld\helloworld\debug\helloworld.tlog\link.command.1.tlog
f:\projects\browser\bho\hiscrawler\helloworld\helloworld\debug\helloworld.tlog\link.read.1.tlog
f:\projects\browser\bho\hiscrawler\helloworld\helloworld\debug\helloworld.tlog\link.write.1.tlog
f:\projects\browser\bho\hiscrawler\helloworld\helloworld\debug\helloworld.tlog\midl.command.1.tlog
f:\projects\browser\bho\hiscrawler\helloworld\helloworld\debug\helloworld.tlog\midl.read.1.tlog
f:\projects\browser\bho\hiscrawler\helloworld\helloworld\debug\helloworld.tlog\midl.write.1.tlog
f:\projects\browser\bho\hiscrawler\helloworld\helloworld\debug\helloworld.tlog\rc.command.1.tlog
f:\projects\browser\bho\hiscrawler\helloworld\helloworld\debug\helloworld.tlog\rc.read.1.tlog
f:\projects\browser\bho\hiscrawler\helloworld\helloworld\debug\helloworld.tlog\rc.write.1.tlog
